This is pdfTeX, Version 3.14159265-2.6-1.40.18 (TeX Live 2017/Debian) (preloaded format=pdflatex 2019.8.15)  31 AUG 2019 20:47
entering extended mode
 restricted \write18 enabled.
 %&-line parsing enabled.
**template_stage_L3
(./template_stage_L3.tex
LaTeX2e <2017-04-15>
Babel <3.18> and hyphenation patterns for 84 language(s) loaded.
(/usr/share/texlive/texmf-dist/tex/latex/base/article.cls
Document Class: article 2014/09/29 v1.4h Standard LaTeX document class
(/usr/share/texlive/texmf-dist/tex/latex/base/size11.clo
File: size11.clo 2014/09/29 v1.4h Standard LaTeX file (size option)
)
\c@part=\count79
\c@section=\count80
\c@subsection=\count81
\c@subsubsection=\count82
\c@paragraph=\count83
\c@subparagraph=\count84
\c@figure=\count85
\c@table=\count86
\abovecaptionskip=\skip41
\belowcaptionskip=\skip42
\bibindent=\dimen102
)
(/usr/share/texlive/texmf-dist/tex/generic/babel/babel.sty
Package: babel 2018/02/14 3.18 The Babel package

(/usr/share/texlive/texmf-dist/tex/generic/babel/switch.def
File: switch.def 2018/02/14 3.18 Babel switching mechanism
)
(/usr/share/texlive/texmf-dist/tex/generic/babel-french/french.ldf
Language: french 2018/02/04 v3.4b French support from the babel system

(/usr/share/texlive/texmf-dist/tex/generic/babel/babel.def
File: babel.def 2018/02/14 3.18 Babel common definitions
\babel@savecnt=\count87
\U@D=\dimen103

(/usr/share/texlive/texmf-dist/tex/generic/babel/txtbabel.def)
\bbl@dirlevel=\count88
)
\l@acadian = a dialect from \language\l@french 
\FB@nonchar=\count89
Package babel Info: Making : an active character on input line 411.
Package babel Info: Making ; an active character on input line 412.
Package babel Info: Making ! an active character on input line 413.
Package babel Info: Making ? an active character on input line 414.
\FBguill@level=\count90
\FB@everypar=\toks14
\FB@Mht=\dimen104
\mc@charclass=\count91
\mc@charfam=\count92
\mc@charslot=\count93
\std@mcc=\count94
\dec@mcc=\count95
\c@FBcaption@count=\count96
\listindentFB=\skip43
\descindentFB=\skip44
\labelwidthFB=\skip45
\leftmarginFB=\skip46
\parindentFFN=\dimen105
\FBfnindent=\skip47
))
(/usr/share/texlive/texmf-dist/tex/latex/carlisle/scalefnt.sty)
(/usr/share/texlive/texmf-dist/tex/latex/graphics/keyval.sty
Package: keyval 2014/10/28 v1.15 key=value parser (DPC)
\KV@toks@=\toks15
)
(/usr/share/texlive/texmf-dist/tex/latex/base/inputenc.sty
Package: inputenc 2015/03/17 v1.2c Input encoding file
\inpenc@prehook=\toks16
\inpenc@posthook=\toks17

(/usr/share/texlive/texmf-dist/tex/latex/base/latin1.def
File: latin1.def 2015/03/17 v1.2c Input encoding file
))
(/usr/share/texlive/texmf-dist/tex/latex/base/fontenc.sty
Package: fontenc 2017/04/05 v2.0i Standard LaTeX package

(/usr/share/texlive/texmf-dist/tex/latex/base/t1enc.def
File: t1enc.def 2017/04/05 v2.0i Standard LaTeX file
LaTeX Font Info:    Redeclaring font encoding T1 on input line 48.
))
(/usr/share/texlive/texmf-dist/tex/latex/xcolor/xcolor.sty
Package: xcolor 2016/05/11 v2.12 LaTeX color extensions (UK)

(/usr/share/texlive/texmf-dist/tex/latex/graphics-cfg/color.cfg
File: color.cfg 2016/01/02 v1.6 sample color configuration
)
Package xcolor Info: Driver file: pdftex.def on input line 225.

(/usr/share/texlive/texmf-dist/tex/latex/graphics-def/pdftex.def
File: pdftex.def 2018/01/08 v1.0l Graphics/color driver for pdftex
)
Package xcolor Info: Model `cmy' substituted by `cmy0' on input line 1348.
Package xcolor Info: Model `hsb' substituted by `rgb' on input line 1352.
Package xcolor Info: Model `RGB' extended on input line 1364.
Package xcolor Info: Model `HTML' substituted by `rgb' on input line 1366.
Package xcolor Info: Model `Hsb' substituted by `hsb' on input line 1367.
Package xcolor Info: Model `tHsb' substituted by `hsb' on input line 1368.
Package xcolor Info: Model `HSB' substituted by `hsb' on input line 1369.
Package xcolor Info: Model `Gray' substituted by `gray' on input line 1370.
Package xcolor Info: Model `wave' substituted by `hsb' on input line 1371.

(/usr/share/texlive/texmf-dist/tex/latex/xcolor/svgnam.def
File: svgnam.def 2016/05/11 v2.12 Predefined colors according to SVG 1.1 (UK)
))
(/usr/share/texlive/texmf-dist/tex/latex/graphics/graphicx.sty
Package: graphicx 2017/06/01 v1.1a Enhanced LaTeX Graphics (DPC,SPQR)

(/usr/share/texlive/texmf-dist/tex/latex/graphics/graphics.sty
Package: graphics 2017/06/25 v1.2c Standard LaTeX Graphics (DPC,SPQR)

(/usr/share/texlive/texmf-dist/tex/latex/graphics/trig.sty
Package: trig 2016/01/03 v1.10 sin cos tan (DPC)
)
(/usr/share/texlive/texmf-dist/tex/latex/graphics-cfg/graphics.cfg
File: graphics.cfg 2016/06/04 v1.11 sample graphics configuration
)
Package graphics Info: Driver file: pdftex.def on input line 99.
)
\Gin@req@height=\dimen106
\Gin@req@width=\dimen107
)
(/usr/share/texlive/texmf-dist/tex/latex/amsmath/amsmath.sty
Package: amsmath 2017/09/02 v2.17a AMS math features
\@mathmargin=\skip48

For additional information on amsmath, use the `?' option.
(/usr/share/texlive/texmf-dist/tex/latex/amsmath/amstext.sty
Package: amstext 2000/06/29 v2.01 AMS text

(/usr/share/texlive/texmf-dist/tex/latex/amsmath/amsgen.sty
File: amsgen.sty 1999/11/30 v2.0 generic functions
\@emptytoks=\toks18
\ex@=\dimen108
))
(/usr/share/texlive/texmf-dist/tex/latex/amsmath/amsbsy.sty
Package: amsbsy 1999/11/29 v1.2d Bold Symbols
\pmbraise@=\dimen109
)
(/usr/share/texlive/texmf-dist/tex/latex/amsmath/amsopn.sty
Package: amsopn 2016/03/08 v2.02 operator names
)
\inf@bad=\count97
LaTeX Info: Redefining \frac on input line 213.
\uproot@=\count98
\leftroot@=\count99
LaTeX Info: Redefining \overline on input line 375.
\classnum@=\count100
\DOTSCASE@=\count101
LaTeX Info: Redefining \ldots on input line 472.
LaTeX Info: Redefining \dots on input line 475.
LaTeX Info: Redefining \cdots on input line 596.
\Mathstrutbox@=\box26
\strutbox@=\box27
\big@size=\dimen110
LaTeX Font Info:    Redeclaring font encoding OML on input line 712.
LaTeX Font Info:    Redeclaring font encoding OMS on input line 713.
\macc@depth=\count102
\c@MaxMatrixCols=\count103
\dotsspace@=\muskip10
\c@parentequation=\count104
\dspbrk@lvl=\count105
\tag@help=\toks19
\row@=\count106
\column@=\count107
\maxfields@=\count108
\andhelp@=\toks20
\eqnshift@=\dimen111
\alignsep@=\dimen112
\tagshift@=\dimen113
\tagwidth@=\dimen114
\totwidth@=\dimen115
\lineht@=\dimen116
\@envbody=\toks21
\multlinegap=\skip49
\multlinetaggap=\skip50
\mathdisplay@stack=\toks22
LaTeX Info: Redefining \[ on input line 2817.
LaTeX Info: Redefining \] on input line 2818.
)
(/usr/share/texlive/texmf-dist/tex/latex/amsfonts/amssymb.sty
Package: amssymb 2013/01/14 v3.01 AMS font symbols

(/usr/share/texlive/texmf-dist/tex/latex/amsfonts/amsfonts.sty
Package: amsfonts 2013/01/14 v3.01 Basic AMSFonts support
\symAMSa=\mathgroup4
\symAMSb=\mathgroup5
LaTeX Font Info:    Overwriting math alphabet `\mathfrak' in version `bold'
(Font)                  U/euf/m/n --> U/euf/b/n on input line 106.
))
(/usr/share/texlive/texmf-dist/tex/latex/amscls/amsthm.sty
Package: amsthm 2017/10/31 v2.20.4
\thm@style=\toks23
\thm@bodyfont=\toks24
\thm@headfont=\toks25
\thm@notefont=\toks26
\thm@headpunct=\toks27
\thm@preskip=\skip51
\thm@postskip=\skip52
\thm@headsep=\skip53
\dth@everypar=\toks28
)
(/usr/share/texlive/texmf-dist/tex/latex/amsmath/amscd.sty
Package: amscd 2017/04/14 v2.1 AMS Commutative Diagrams
\athelp@=\toks29
\minaw@=\dimen117
\bigaw@=\dimen118
\minCDarrowwidth=\dimen119
)
(/usr/share/texlive/texmf-dist/tex/latex/tools/tabularx.sty
Package: tabularx 2016/02/03 v2.11 `tabularx' package (DPC)

(/usr/share/texlive/texmf-dist/tex/latex/tools/array.sty
Package: array 2016/10/06 v2.4d Tabular extension package (FMi)
\col@sep=\dimen120
\extrarowheight=\dimen121
\NC@list=\toks30
\extratabsurround=\skip54
\backup@length=\skip55
)
\TX@col@width=\dimen122
\TX@old@table=\dimen123
\TX@old@col=\dimen124
\TX@target=\dimen125
\TX@delta=\dimen126
\TX@cols=\count109
\TX@ftn=\toks31
)
(/usr/share/texlive/texmf-dist/tex/latex/hyperref/hyperref.sty
Package: hyperref 2018/02/06 v6.86b Hypertext links for LaTeX

(/usr/share/texlive/texmf-dist/tex/generic/oberdiek/hobsub-hyperref.sty
Package: hobsub-hyperref 2016/05/16 v1.14 Bundle oberdiek, subset hyperref (HO)


(/usr/share/texlive/texmf-dist/tex/generic/oberdiek/hobsub-generic.sty
Package: hobsub-generic 2016/05/16 v1.14 Bundle oberdiek, subset generic (HO)
Package: hobsub 2016/05/16 v1.14 Construct package bundles (HO)
Package: infwarerr 2016/05/16 v1.4 Providing info/warning/error messages (HO)
Package: ltxcmds 2016/05/16 v1.23 LaTeX kernel commands for general use (HO)
Package: ifluatex 2016/05/16 v1.4 Provides the ifluatex switch (HO)
Package ifluatex Info: LuaTeX not detected.
Package: ifvtex 2016/05/16 v1.6 Detect VTeX and its facilities (HO)
Package ifvtex Info: VTeX not detected.
Package: intcalc 2016/05/16 v1.2 Expandable calculations with integers (HO)
Package: ifpdf 2017/03/15 v3.2 Provides the ifpdf switch
Package: etexcmds 2016/05/16 v1.6 Avoid name clashes with e-TeX commands (HO)
Package etexcmds Info: Could not find \expanded.
(etexcmds)             That can mean that you are not using pdfTeX 1.50 or
(etexcmds)             that some package has redefined \expanded.
(etexcmds)             In the latter case, load this package earlier.
Package: kvsetkeys 2016/05/16 v1.17 Key value parser (HO)
Package: kvdefinekeys 2016/05/16 v1.4 Define keys (HO)
Package: pdftexcmds 2018/01/21 v0.26 Utility functions of pdfTeX for LuaTeX (HO
)
Package pdftexcmds Info: LuaTeX not detected.
Package pdftexcmds Info: \pdf@primitive is available.
Package pdftexcmds Info: \pdf@ifprimitive is available.
Package pdftexcmds Info: \pdfdraftmode found.
Package: pdfescape 2016/05/16 v1.14 Implements pdfTeX's escape features (HO)
Package: bigintcalc 2016/05/16 v1.4 Expandable calculations on big integers (HO
)
Package: bitset 2016/05/16 v1.2 Handle bit-vector datatype (HO)
Package: uniquecounter 2016/05/16 v1.3 Provide unlimited unique counter (HO)
)
Package hobsub Info: Skipping package `hobsub' (already loaded).
Package: letltxmacro 2016/05/16 v1.5 Let assignment for LaTeX macros (HO)
Package: hopatch 2016/05/16 v1.3 Wrapper for package hooks (HO)
Package: xcolor-patch 2016/05/16 xcolor patch
Package: atveryend 2016/05/16 v1.9 Hooks at the very end of document (HO)
Package atveryend Info: \enddocument detected (standard20110627).
Package: atbegshi 2016/06/09 v1.18 At begin shipout hook (HO)
Package: refcount 2016/05/16 v3.5 Data extraction from label references (HO)
Package: hycolor 2016/05/16 v1.8 Color options for hyperref/bookmark (HO)
)
(/usr/share/texlive/texmf-dist/tex/generic/ifxetex/ifxetex.sty
Package: ifxetex 2010/09/12 v0.6 Provides ifxetex conditional
)
(/usr/share/texlive/texmf-dist/tex/latex/oberdiek/auxhook.sty
Package: auxhook 2016/05/16 v1.4 Hooks for auxiliary files (HO)
)
(/usr/share/texlive/texmf-dist/tex/latex/oberdiek/kvoptions.sty
Package: kvoptions 2016/05/16 v3.12 Key value format for package options (HO)
)
\@linkdim=\dimen127
\Hy@linkcounter=\count110
\Hy@pagecounter=\count111

(/usr/share/texlive/texmf-dist/tex/latex/hyperref/pd1enc.def
File: pd1enc.def 2018/02/06 v6.86b Hyperref: PDFDocEncoding definition (HO)
)
\Hy@SavedSpaceFactor=\count112

(/usr/share/texlive/texmf-dist/tex/latex/latexconfig/hyperref.cfg
File: hyperref.cfg 2002/06/06 v1.2 hyperref configuration of TeXLive
)
Package hyperref Info: Hyper figures OFF on input line 4509.
Package hyperref Info: Link nesting OFF on input line 4514.
Package hyperref Info: Hyper index ON on input line 4517.
Package hyperref Info: Plain pages OFF on input line 4524.
Package hyperref Info: Backreferencing OFF on input line 4529.
Package hyperref Info: Implicit mode ON; LaTeX internals redefined.
Package hyperref Info: Bookmarks ON on input line 4762.
\c@Hy@tempcnt=\count113

(/usr/share/texlive/texmf-dist/tex/latex/url/url.sty
\Urlmuskip=\muskip11
Package: url 2013/09/16  ver 3.4  Verb mode for urls, etc.
)
LaTeX Info: Redefining \url on input line 5115.
\XeTeXLinkMargin=\dimen128
\Fld@menulength=\count114
\Field@Width=\dimen129
\Fld@charsize=\dimen130
Package hyperref Info: Hyper figures OFF on input line 6369.
Package hyperref Info: Link nesting OFF on input line 6374.
Package hyperref Info: Hyper index ON on input line 6377.
Package hyperref Info: backreferencing OFF on input line 6384.
Package hyperref Info: Link coloring OFF on input line 6389.
Package hyperref Info: Link coloring with OCG OFF on input line 6394.
Package hyperref Info: PDF/A mode OFF on input line 6399.
LaTeX Info: Redefining \ref on input line 6439.
LaTeX Info: Redefining \pageref on input line 6443.
\Hy@abspage=\count115
\c@Item=\count116
\c@Hfootnote=\count117
)
Package hyperref Info: Driver (autodetected): hpdftex.

(/usr/share/texlive/texmf-dist/tex/latex/hyperref/hpdftex.def
File: hpdftex.def 2018/02/06 v6.86b Hyperref driver for pdfTeX
\Fld@listcount=\count118
\c@bookmark@seq@number=\count119

(/usr/share/texlive/texmf-dist/tex/latex/oberdiek/rerunfilecheck.sty
Package: rerunfilecheck 2016/05/16 v1.8 Rerun checks for auxiliary files (HO)
Package uniquecounter Info: New unique counter `rerunfilecheck' on input line 2
82.
)
\Hy@SectionHShift=\skip56
)
(/usr/share/texlive/texmf-dist/tex/latex/geometry/geometry.sty
Package: geometry 2010/09/12 v5.6 Page Geometry
\Gm@cnth=\count120
\Gm@cntv=\count121
\c@Gm@tempcnt=\count122
\Gm@bindingoffset=\dimen131
\Gm@wd@mp=\dimen132
\Gm@odd@mp=\dimen133
\Gm@even@mp=\dimen134
\Gm@layoutwidth=\dimen135
\Gm@layoutheight=\dimen136
\Gm@layouthoffset=\dimen137
\Gm@layoutvoffset=\dimen138
\Gm@dimlist=\toks32
)
(/usr/share/texlive/texmf-dist/tex/latex/listings/listings.sty
\lst@mode=\count123
\lst@gtempboxa=\box28
\lst@token=\toks33
\lst@length=\count124
\lst@currlwidth=\dimen139
\lst@column=\count125
\lst@pos=\count126
\lst@lostspace=\dimen140
\lst@width=\dimen141
\lst@newlines=\count127
\lst@lineno=\count128
\lst@maxwidth=\dimen142

(/usr/share/texlive/texmf-dist/tex/latex/listings/lstmisc.sty
File: lstmisc.sty 2015/06/04 1.6 (Carsten Heinz)
\c@lstnumber=\count129
\lst@skipnumbers=\count130
\lst@framebox=\box29
)
(/usr/share/texlive/texmf-dist/tex/latex/listings/listings.cfg
File: listings.cfg 2015/06/04 1.6 listings configuration
))
Package: listings 2015/06/04 1.6 (Carsten Heinz)

(/usr/share/texlive/texmf-dist/tex/latex/pdfpages/pdfpages.sty
Package: pdfpages 2017/10/31 v0.5l Insert pages of external PDF documents (AM)

(/usr/share/texlive/texmf-dist/tex/latex/base/ifthen.sty
Package: ifthen 2014/09/29 v1.1c Standard LaTeX ifthen package (DPC)
)
(/usr/share/texlive/texmf-dist/tex/latex/tools/calc.sty
Package: calc 2014/10/28 v4.3 Infix arithmetic (KKT,FJ)
\calc@Acount=\count131
\calc@Bcount=\count132
\calc@Adimen=\dimen143
\calc@Bdimen=\dimen144
\calc@Askip=\skip57
\calc@Bskip=\skip58
LaTeX Info: Redefining \setlength on input line 80.
LaTeX Info: Redefining \addtolength on input line 81.
\calc@Ccount=\count133
\calc@Cskip=\skip59
)
(/usr/share/texlive/texmf-dist/tex/latex/eso-pic/eso-pic.sty
Package: eso-pic 2015/07/21 v2.0g eso-pic (RN)
)
\AM@pagewidth=\dimen145
\AM@pageheight=\dimen146

(/usr/share/texlive/texmf-dist/tex/latex/pdfpages/pppdftex.def
File: pppdftex.def 2017/10/31 v0.5l Pdfpages driver for pdfTeX (AM)
)
\AM@pagebox=\box30
\AM@global@opts=\toks34
\AM@toc@title=\toks35
\c@AM@survey=\count134
\AM@templatesizebox=\box31
)
\c@defin=\count135
\c@prop=\count136
\c@thm=\count137
\c@cor=\count138
\c@lem=\count139
\c@nota=\count140
\c@rem=\count141
\c@conj=\count142
\c@nb=\count143

(/usr/share/texlive/texmf-dist/tex/latex/listings/lstlang1.sty
File: lstlang1.sty 2015/06/04 1.6 listings language file
)
(./template_stage_L3.aux

LaTeX Warning: Label `planning' multiply defined.


LaTeX Warning: Label `planning' multiply defined.


LaTeX Warning: Label `planning' multiply defined.


LaTeX Warning: Label `planning' multiply defined.


LaTeX Warning: Label `planning' multiply defined.

)
\openout1 = `template_stage_L3.aux'.

LaTeX Font Info:    Checking defaults for OML/cmm/m/it on input line 78.
LaTeX Font Info:    ... okay on input line 78.
LaTeX Font Info:    Checking defaults for T1/cmr/m/n on input line 78.
LaTeX Font Info:    ... okay on input line 78.
LaTeX Font Info:    Checking defaults for OT1/cmr/m/n on input line 78.
LaTeX Font Info:    ... okay on input line 78.
LaTeX Font Info:    Checking defaults for OMS/cmsy/m/n on input line 78.
LaTeX Font Info:    ... okay on input line 78.
LaTeX Font Info:    Checking defaults for OMX/cmex/m/n on input line 78.
LaTeX Font Info:    ... okay on input line 78.
LaTeX Font Info:    Checking defaults for U/cmr/m/n on input line 78.
LaTeX Font Info:    ... okay on input line 78.
LaTeX Font Info:    Checking defaults for PD1/pdf/m/n on input line 78.
LaTeX Font Info:    ... okay on input line 78.
LaTeX Info: Redefining \degres on input line 78.
LaTeX Info: Redefining \dots on input line 78.
LaTeX Info: Redefining \up on input line 78.
 (/usr/share/texlive/texmf-dist/tex/context/base/mkii/supp-pdf.mkii
[Loading MPS to PDF converter (version 2006.09.02).]
\scratchcounter=\count144
\scratchdimen=\dimen147
\scratchbox=\box32
\nofMPsegments=\count145
\nofMParguments=\count146
\everyMPshowfont=\toks36
\MPscratchCnt=\count147
\MPscratchDim=\dimen148
\MPnumerator=\count148
\makeMPintoPDFobject=\count149
\everyMPtoPDFconversion=\toks37
) (/usr/share/texlive/texmf-dist/tex/latex/oberdiek/epstopdf-base.sty
Package: epstopdf-base 2016/05/15 v2.6 Base part for package epstopdf

(/usr/share/texlive/texmf-dist/tex/latex/oberdiek/grfext.sty
Package: grfext 2016/05/16 v1.2 Manage graphics extensions (HO)
)
Package epstopdf-base Info: Redefining graphics rule for `.eps' on input line 4
38.
Package grfext Info: Graphics extension search list:
(grfext)             [.pdf,.png,.jpg,.mps,.jpeg,.jbig2,.jb2,.PDF,.PNG,.JPG,.JPE
G,.JBIG2,.JB2,.eps]
(grfext)             \AppendGraphicsExtensions on input line 456.

(/usr/share/texlive/texmf-dist/tex/latex/latexconfig/epstopdf-sys.cfg
File: epstopdf-sys.cfg 2010/07/13 v1.3 Configuration of (r)epstopdf for TeX Liv
e
))
\AtBeginShipoutBox=\box33
Package hyperref Info: Link coloring OFF on input line 78.

(/usr/share/texlive/texmf-dist/tex/latex/hyperref/nameref.sty
Package: nameref 2016/05/21 v2.44 Cross-referencing by name of section

(/usr/share/texlive/texmf-dist/tex/generic/oberdiek/gettitlestring.sty
Package: gettitlestring 2016/05/16 v1.5 Cleanup title references (HO)
)
\c@section@level=\count150
)
LaTeX Info: Redefining \ref on input line 78.
LaTeX Info: Redefining \pageref on input line 78.
LaTeX Info: Redefining \nameref on input line 78.

(./template_stage_L3.out) (./template_stage_L3.out)
\@outlinefile=\write3
\openout3 = `template_stage_L3.out'.


*geometry* driver: auto-detecting
*geometry* detected driver: pdftex
*geometry* verbose mode - [ preamble ] result:
* driver: pdftex
* paper: a4paper
* layout: <same size as paper>
* layoutoffset:(h,v)=(0.0pt,0.0pt)
* modes: 
* h-part:(L,W,R)=(42.67912pt, 512.14963pt, 42.67912pt)
* v-part:(T,H,B)=(56.9055pt, 731.23584pt, 56.9055pt)
* \paperwidth=597.50787pt
* \paperheight=845.04684pt
* \textwidth=512.14963pt
* \textheight=731.23584pt
* \oddsidemargin=-29.59087pt
* \evensidemargin=-29.59087pt
* \topmargin=-52.36449pt
* \headheight=12.0pt
* \headsep=25.0pt
* \topskip=11.0pt
* \footskip=30.0pt
* \marginparwidth=50.0pt
* \marginparsep=10.0pt
* \columnsep=10.0pt
* \skip\footins=10.0pt plus 4.0pt minus 2.0pt
* \hoffset=0.0pt
* \voffset=0.0pt
* \mag=1000
* \@twocolumnfalse
* \@twosidefalse
* \@mparswitchfalse
* \@reversemarginfalse
* (1in=72.27pt=25.4mm, 1cm=28.453pt)

\c@lstlisting=\count151
(/usr/share/texlive/texmf-dist/tex/latex/oberdiek/pdflscape.sty
Package: pdflscape 2016/05/14 v0.11 Display of landscape pages in PDF (HO)

(/usr/share/texlive/texmf-dist/tex/latex/graphics/lscape.sty
Package: lscape 2000/10/22 v3.01 Landscape Pages (DPC)
)
Package pdflscape Info: Auto-detected driver: pdftex on input line 81.
)
<logoUEVE.jpg, id=156, 292.09125pt x 124.96687pt>
File: logoUEVE.jpg Graphic file (type jpg)
<use logoUEVE.jpg>
Package pdftex.def Info: logoUEVE.jpg  used on input line 97.
(pdftex.def)             Requested size: 248.27872pt x 106.22234pt.
LaTeX Font Info:    Try loading font information for U+msa on input line 103.

(/usr/share/texlive/texmf-dist/tex/latex/amsfonts/umsa.fd
File: umsa.fd 2013/01/14 v3.01 AMS symbols A
)
LaTeX Font Info:    Try loading font information for U+msb on input line 103.

(/usr/share/texlive/texmf-dist/tex/latex/amsfonts/umsb.fd
File: umsb.fd 2013/01/14 v3.01 AMS symbols B
) [1

{/var/lib/texmf/fonts/map/pdftex/updmap/pdftex.map} <./logoUEVE.jpg>] [2

]
(./template_stage_L3.toc [3

])
\tf@toc=\write4
\openout4 = `template_stage_L3.toc'.

 [4] [5

] [6

]
<psm_chronopost.jpg, id=232, 622.325pt x 381.425pt>
File: psm_chronopost.jpg Graphic file (type jpg)
<use psm_chronopost.jpg>
Package pdftex.def Info: psm_chronopost.jpg  used on input line 244.
(pdftex.def)             Requested size: 528.97874pt x 324.21277pt.

Overfull \hbox (16.82912pt too wide) in paragraph at lines 244--245
 [] 
 []

<feuille_tournee.JPG, id=233, 3228.06pt x 4304.08pt>
File: feuille_tournee.JPG Graphic file (type jpg)
<use feuille_tournee.JPG>
Package pdftex.def Info: feuille_tournee.JPG  used on input line 252.
(pdftex.def)             Requested size: 484.18811pt x 645.58415pt.
[7

] [8 <./psm_chronopost.jpg>] [9 <./feuille_tournee.JPG>]
<planning_api_rest.png, id=253, 496.85625pt x 280.04625pt>
File: planning_api_rest.png Graphic file (type png)
<use planning_api_rest.png>
Package pdftex.def Info: planning_api_rest.png  used on input line 299.
(pdftex.def)             Requested size: 491.88919pt x 277.24663pt.
 [10

] [11 <./planning_api_rest.png (PNG copy)>]
<diagram/use_case.png, id=265, 801.74532pt x 345.54094pt>
File: diagram/use_case.png Graphic file (type png)
<use diagram/use_case.png>
Package pdftex.def Info: diagram/use_case.png  used on input line 320.
(pdftex.def)             Requested size: 521.12828pt x 224.59894pt.

Overfull \hbox (8.97865pt too wide) in paragraph at lines 320--321
 [] 
 []

[12

 <./diagram/use_case.png (PNG copy)>]
<diagram/sequence_diagram.pdf, id=271, 597.50786pt x 845.04686pt>
File: diagram/sequence_diagram.pdf Graphic file (type pdf)
<use diagram/sequence_diagram.pdf>
Package pdftex.def Info: diagram/sequence_diagram.pdf  used on input line 331.
(pdftex.def)             Requested size: 597.5064pt x 845.0448pt.
File: diagram/sequence_diagram.pdf Graphic file (type pdf)
<use diagram/sequence_diagram.pdf>
Package pdftex.def Info: diagram/sequence_diagram.pdf  used on input line 331.
(pdftex.def)             Requested size: 597.5064pt x 845.0448pt.
<diagram/sequence_diagram.pdf, id=274, page=1, 597.50786pt x 845.04686pt>
File: diagram/sequence_diagram.pdf Graphic file (type pdf)
<use diagram/sequence_diagram.pdf, page 1>
Package pdftex.def Info: diagram/sequence_diagram.pdf , page1 used on input lin
e 331.
(pdftex.def)             Requested size: 597.5064pt x 845.0448pt.
File: diagram/sequence_diagram.pdf Graphic file (type pdf)
<use diagram/sequence_diagram.pdf, page 1>
Package pdftex.def Info: diagram/sequence_diagram.pdf , page1 used on input lin
e 331.
(pdftex.def)             Requested size: 507.88408pt x 718.29323pt.
File: diagram/sequence_diagram.pdf Graphic file (type pdf)
<use diagram/sequence_diagram.pdf, page 1>
Package pdftex.def Info: diagram/sequence_diagram.pdf , page1 used on input lin
e 331.
(pdftex.def)             Requested size: 507.88408pt x 718.29323pt.
File: diagram/sequence_diagram.pdf Graphic file (type pdf)
<use diagram/sequence_diagram.pdf, page 1>
Package pdftex.def Info: diagram/sequence_diagram.pdf , page1 used on input lin
e 331.
(pdftex.def)             Requested size: 507.88408pt x 718.29323pt.
File: diagram/sequence_diagram.pdf Graphic file (type pdf)
<use diagram/sequence_diagram.pdf, page 1>
Package pdftex.def Info: diagram/sequence_diagram.pdf , page1 used on input lin
e 339.
(pdftex.def)             Requested size: 507.88408pt x 718.29323pt.
 [13

 <./diagram/sequence_diagram.pdf>]
[14

] [15]
<api_rest/api_rest_schemas_concret.pdf, id=346, 845.01837pt x 597.47943pt>
File: api_rest/api_rest_schemas_concret.pdf Graphic file (type pdf)
<use api_rest/api_rest_schemas_concret.pdf>
Package pdftex.def Info: api_rest/api_rest_schemas_concret.pdf  used on input l
ine 412.
(pdftex.def)             Requested size: 845.01631pt x 597.47797pt.
File: api_rest/api_rest_schemas_concret.pdf Graphic file (type pdf)
<use api_rest/api_rest_schemas_concret.pdf>
Package pdftex.def Info: api_rest/api_rest_schemas_concret.pdf  used on input l
ine 412.
(pdftex.def)             Requested size: 845.01631pt x 597.47797pt.
<api_rest/api_rest_schemas_concret.pdf, id=349, page=1, 845.01837pt x 597.47943
pt>
File: api_rest/api_rest_schemas_concret.pdf Graphic file (type pdf)
<use api_rest/api_rest_schemas_concret.pdf, page 1>
Package pdftex.def Info: api_rest/api_rest_schemas_concret.pdf , page1 used on 
input line 412.
(pdftex.def)             Requested size: 845.01631pt x 597.47797pt.
File: api_rest/api_rest_schemas_concret.pdf Graphic file (type pdf)
<use api_rest/api_rest_schemas_concret.pdf, page 1>
Package pdftex.def Info: api_rest/api_rest_schemas_concret.pdf , page1 used on 
input line 412.
(pdftex.def)             Requested size: 718.26901pt x 507.85991pt.
File: api_rest/api_rest_schemas_concret.pdf Graphic file (type pdf)
<use api_rest/api_rest_schemas_concret.pdf, page 1>
Package pdftex.def Info: api_rest/api_rest_schemas_concret.pdf , page1 used on 
input line 412.
(pdftex.def)             Requested size: 718.26901pt x 507.85991pt.
File: api_rest/api_rest_schemas_concret.pdf Graphic file (type pdf)
<use api_rest/api_rest_schemas_concret.pdf, page 1>
Package pdftex.def Info: api_rest/api_rest_schemas_concret.pdf , page1 used on 
input line 412.
(pdftex.def)             Requested size: 718.26901pt x 507.85991pt.
File: api_rest/api_rest_schemas_concret.pdf Graphic file (type pdf)
<use api_rest/api_rest_schemas_concret.pdf, page 1>
Package pdftex.def Info: api_rest/api_rest_schemas_concret.pdf , page1 used on 
input line 418.
(pdftex.def)             Requested size: 718.26901pt x 507.85991pt.
 [16

 <./api_rest/api_rest_schemas_concret.pdf>]

LaTeX Warning: Citation `gimp' on page 17 undefined on input line 432.

<./maquette/maquette_detail_colis.png, id=361, 867.24pt x 818.05624pt>
File: ./maquette/maquette_detail_colis.png Graphic file (type png)
<use ./maquette/maquette_detail_colis.png>
Package pdftex.def Info: ./maquette/maquette_detail_colis.png  used on input li
ne 438.
(pdftex.def)             Requested size: 369.88582pt x 348.91132pt.
[17

 <./maquette/maquette_detail_colis.png>] [18

]

LaTeX Warning: Reference `injectionsql' on page 19 undefined on input line 517.



LaTeX Warning: Reference `dockercompose' on page 19 undefined on input line 517
.


LaTeX Warning: Reference `dockerconfig' on page 19 undefined on input line 518.


[19]
<api_rest/schema_api.png, id=387, 505.13719pt x 397.485pt>
File: api_rest/schema_api.png Graphic file (type png)
<use api_rest/schema_api.png>
Package pdftex.def Info: api_rest/schema_api.png  used on input line 532.
(pdftex.def)             Requested size: 434.41722pt x 341.8365pt.
 [20

 <./api_rest/schema_api.png>]
<diagram/class_diagram.png, id=396, 569.12625pt x 252.19218pt>
File: diagram/class_diagram.png Graphic file (type png)
<use diagram/class_diagram.png>
Package pdftex.def Info: diagram/class_diagram.png  used on input line 570.
(pdftex.def)             Requested size: 512.2089pt x 226.97086pt.
 [21 <./diagram/class_diagram.png (PNG copy)>] [22] [23

] [24] [25

] (./template_stage_L3.bbl
LaTeX Font Info:    Try loading font information for T1+cmtt on input line 6.

(/usr/share/texlive/texmf-dist/tex/latex/base/t1cmtt.fd
File: t1cmtt.fd 2014/09/29 v2.5h Standard LaTeX font definitions
)) [26

] [1

]
<./s_enregistrer.png, id=463, 363.60844pt x 478.78876pt>
File: ./s_enregistrer.png Graphic file (type png)
<use ./s_enregistrer.png>
Package pdftex.def Info: ./s_enregistrer.png  used on input line 727.
(pdftex.def)             Requested size: 290.88713pt x 383.03152pt.
 [2

 <./s_enregistrer.png>]
<./api_rest/api-metier.png, id=469, 1355.0625pt x 1988.42876pt>
File: ./api_rest/api-metier.png Graphic file (type png)
<use ./api_rest/api-metier.png>
Package pdftex.def Info: ./api_rest/api-metier.png  used on input line 736.
(pdftex.def)             Requested size: 447.17201pt x 656.18353pt.
 [3

 <./api_rest/api-metier.png>]
<./api_rest/clients-admin.png, id=476, 1355.0625pt x 682.55pt>
File: ./api_rest/clients-admin.png Graphic file (type png)
<use ./api_rest/clients-admin.png>
Package pdftex.def Info: ./api_rest/clients-admin.png  used on input line 745.
(pdftex.def)             Requested size: 542.0154pt x 273.01517pt.
 [4

 <./api_rest/clients-admin.png>]
<./api_rest/detail_admin.png, id=483, 1355.0625pt x 647.41875pt>
File: ./api_rest/detail_admin.png Graphic file (type png)
<use ./api_rest/detail_admin.png>
Package pdftex.def Info: ./api_rest/detail_admin.png  used on input line 753.
(pdftex.def)             Requested size: 542.0154pt x 258.9629pt.
 [5

 <./api_rest/detail_admin.png>]
<./api_rest/paquetAdmin.png, id=491, 1385.175pt x 679.53876pt>
File: ./api_rest/paquetAdmin.png Graphic file (type png)
<use ./api_rest/paquetAdmin.png>
Package pdftex.def Info: ./api_rest/paquetAdmin.png  used on input line 761.
(pdftex.def)             Requested size: 554.0602pt x 271.81068pt.
 [6

 <./api_rest/paquetAdmin.png>]
<./api_rest/livraisonAdmin.png, id=498, 1355.0625pt x 647.41875pt>
File: ./api_rest/livraisonAdmin.png Graphic file (type png)
<use ./api_rest/livraisonAdmin.png>
Package pdftex.def Info: ./api_rest/livraisonAdmin.png  used on input line 770.

(pdftex.def)             Requested size: 542.0154pt x 258.9629pt.
 [7

 <./api_rest/livraisonAdmin.png>]
Package atveryend Info: Empty hook `BeforeClearDocument' on input line 816.
 [8

]
Package atveryend Info: Empty hook `AfterLastShipout' on input line 816.
 (./template_stage_L3.aux)
Package atveryend Info: Executing hook `AtVeryEndDocument' on input line 816.
Package atveryend Info: Executing hook `AtEndAfterFileList' on input line 816.
Package rerunfilecheck Info: File `template_stage_L3.out' has not changed.
(rerunfilecheck)             Checksum: 030A6869FE3E8E10CA92A0D90A5213E4;2964.


LaTeX Warning: There were undefined references.


LaTeX Warning: There were multiply-defined labels.

Package atveryend Info: Empty hook `AtVeryVeryEnd' on input line 816.
 )
(\end occurred inside a group at level 1)

### simple group (level 1) entered at line 165 ({)
### bottom level 
Here is how much of TeX's memory you used:
 11015 strings out of 492982
 157730 string characters out of 6134896
 291064 words of memory out of 5000000
 14284 multiletter control sequences out of 15000+600000
 16925 words of font info for 44 fonts, out of 8000000 for 9000
 1141 hyphenation exceptions out of 8191
 37i,19n,43p,434b,603s stack positions out of 5000i,500n,10000p,200000b,80000s
{/usr/share/texmf/fonts/enc/dvips/cm-super/cm-super-t1.enc}</us
r/share/texlive/texmf-dist/fonts/type1/public/amsfonts/cm/cmmi10.pfb></usr/shar
e/texlive/texmf-dist/fonts/type1/public/amsfonts/cm/cmmi8.pfb></usr/share/texli
ve/texmf-dist/fonts/type1/public/amsfonts/cm/cmr10.pfb></usr/share/texmf/fonts/
type1/public/cm-super/sfbx1095.pfb></usr/share/texmf/fonts/type1/public/cm-supe
r/sfbx1200.pfb></usr/share/texmf/fonts/type1/public/cm-super/sfbx1440.pfb></usr
/share/texmf/fonts/type1/public/cm-super/sfbx1728.pfb></usr/share/texmf/fonts/t
ype1/public/cm-super/sfbx2074.pfb></usr/share/texmf/fonts/type1/public/cm-super
/sfcc1095.pfb></usr/share/texmf/fonts/type1/public/cm-super/sfrm1095.pfb></usr/
share/texmf/fonts/type1/public/cm-super/sfrm1728.pfb></usr/share/texmf/fonts/ty
pe1/public/cm-super/sfti1095.pfb></usr/share/texmf/fonts/type1/public/cm-super/
sftt1095.pfb>
Output written on template_stage_L3.pdf (34 pages, 7591682 bytes).
PDF statistics:
 579 PDF objects out of 1000 (max. 8388607)
 491 compressed objects within 5 object streams
 113 named destinations out of 1000 (max. 500000)
 415 words of extra memory for PDF output out of 10000 (max. 10000000)

